Step: step-credential-initializer-llcv7:

{"level":"warn","ts":1565728968.588109,"logger":"fallback-logger","caller":"logging/config.go:69","msg":"Fetch GitHub commit ID from kodata failed: \"ref: refs/heads/master\" is not a valid GitHub commit ID"}
{"level":"info","ts":1565728968.5906851,"logger":"fallback-logger","caller":"creds-init/main.go:40","msg":"Credentials initialized."}
Step: step-working-dir-initializer-dxg4v:

{"level":"warn","ts":1565728968.9467938,"logger":"fallback-logger","caller":"logging/config.go:69","msg":"Fetch GitHub commit ID from kodata failed: open /var/run/ko/HEAD: no such file or directory"}
{"level":"info","ts":1565728968.9480937,"logger":"fallback-logger","caller":"bash/main.go:65","msg":"Successfully executed command \"mkdir -p /workspace/source\""}
Step: step-place-tools:

Step: step-git-source-meta-***********-environment-jx-552j7:

{"level":"warn","ts":1565728976.028936,"logger":"fallback-logger","caller":"logging/config.go:69","msg":"Fetch GitHub commit ID from kodata failed: \"ref: refs/heads/master\" is not a valid GitHub commit ID"}
{"level":"info","ts":1565728976.27747,"logger":"fallback-logger","caller":"git/git.go:102","msg":"Successfully cloned https://github.com/***********/environment-jx-rocks-staging.git @ 841fec66a768d5c13e547bb63535dbfba2b33d02 in path /workspace/source"}
Step: step-git-merge:

{"level":"info","msg":"Using SHAs from PULL_REFS=master:841fec66a768d5c13e547bb63535dbfba2b33d02,4:76d8d33821e62df769588441fd95a0a95edda955","time":"2019-08-13T20:42:57Z"}
{"level":"debug","msg":"ran git fetch --unshallow origin 76d8d33821e62df769588441fd95a0a95edda955: 841fec66a768d5c13e547bb63535dbfba2b33d02: in ","time":"2019-08-13T20:42:57Z"}
{"level":"debug","msg":"ran git checkout master in ","time":"2019-08-13T20:42:57Z"}
{"level":"debug","msg":"ran git reset --hard 841fec66a768d5c13e547bb63535dbfba2b33d02 in ","time":"2019-08-13T20:42:57Z"}
{"level":"debug","msg":"ran clean --force -d . in ","time":"2019-08-13T20:42:57Z"}
{"level":"debug","msg":"ran git merge 76d8d33821e62df769588441fd95a0a95edda955 in ","time":"2019-08-13T20:42:57Z"}
MERGED SHA SUBJECT
76d8d3382  chore: Promote go-demo-6 to version 1.0.337
Step: step-merge-pull-refs:

{"level":"debug","msg":"ran git fetch origin 76d8d33821e62df769588441fd95a0a95edda955: 841fec66a768d5c13e547bb63535dbfba2b33d02: in ","time":"2019-08-13T20:42:58Z"}
{"level":"debug","msg":"Unshallowed git repo in ","time":"2019-08-13T20:42:58Z"}
{"level":"debug","msg":"ran git checkout master in ","time":"2019-08-13T20:42:58Z"}
{"level":"debug","msg":"ran git reset --hard 841fec66a768d5c13e547bb63535dbfba2b33d02 in ","time":"2019-08-13T20:42:58Z"}
{"level":"debug","msg":"ran clean --force -d . in ","time":"2019-08-13T20:42:58Z"}
{"level":"debug","msg":"ran git merge 76d8d33821e62df769588441fd95a0a95edda955 in ","time":"2019-08-13T20:42:58Z"}
MERGED SHA SUBJECT
76d8d3382  chore: Promote go-demo-6 to version 1.0.337
Step: step-create-effective-pipeline:

{"level":"info","msg":"Deleting and cloning the Jenkins X versions repo","time":"2019-08-13T20:42:58Z"}
{"level":"info","msg":"Cloning the Jenkins X versions repo https://github.com/jenkins-x/jenkins-x-versions.git with ref refs/heads/master to /builder/home/.jx/jenkins-x-versions","time":"2019-08-13T20:42:58Z"}
{"level":"info","msg":"selected pack: /builder/home/.jx/draft/packs/github.com/jenkins-x-buildpacks/jenkins-x-kubernetes/packs/environment","time":"2019-08-13T20:42:59Z"}
{"level":"info","msg":"Effective pipeline written to jenkins-x-promotion-build-effective.yml","time":"2019-08-13T20:43:00Z"}
Step: step-create-tekton-crds:

{"level":"info","msg":"PipelineActivity for ***********-environment-jx-rocks-staging-PR-4-1","time":"2019-08-13T20:43:01Z"}
{"level":"info","msg":"Applying changes ","time":"2019-08-13T20:43:01Z"}
{"level":"info","msg":"Checking if batch build reconciling is needed","time":"2019-08-13T20:43:01Z"}
{"level":"info","msg":"upserted PipelineResource ***********-environment-jx-rock for the git repository https://github.com/***********/environment-jx-rocks-staging.git and branch PR-4","time":"2019-08-13T20:43:01Z"}
{"level":"info","msg":"upserted Task ***********-environment-jx-rock-jm955-from-build-pack-1","time":"2019-08-13T20:43:01Z"}
{"level":"info","msg":"upserted Pipeline ***********-environment-jx-rock-jm955-1","time":"2019-08-13T20:43:01Z"}
{"level":"info","msg":"created PipelineRun ***********-environment-jx-rock-jm955-1","time":"2019-08-13T20:43:01Z"}
{"level":"info","msg":"created PipelineStructure ***********-environment-jx-rock-jm955-1","time":"2019-08-13T20:43:01Z"}
