Step: step-credential-initializer-44dhj:

{"level":"warn","ts":1565716425.1439843,"logger":"fallback-logger","caller":"logging/config.go:69","msg":"Fetch GitHub commit ID from kodata failed: \"ref: refs/heads/master\" is not a valid GitHub commit ID"}
{"level":"info","ts":1565716425.1444626,"logger":"fallback-logger","caller":"creds-init/main.go:40","msg":"Credentials initialized."}
Step: step-working-dir-initializer-c4cc9:

{"level":"warn","ts":1565716426.1968043,"logger":"fallback-logger","caller":"logging/config.go:69","msg":"Fetch GitHub commit ID from kodata failed: open /var/run/ko/HEAD: no such file or directory"}
{"level":"info","ts":1565716426.1979268,"logger":"fallback-logger","caller":"bash/main.go:65","msg":"Successfully executed command \"mkdir -p /workspace/source\""}
Step: step-place-tools:

Step: step-git-source-meta-***********-environment-jx-5bnpn:

{"level":"warn","ts":1565716431.266084,"logger":"fallback-logger","caller":"logging/config.go:69","msg":"Fetch GitHub commit ID from kodata failed: \"ref: refs/heads/master\" is not a valid GitHub commit ID"}
{"level":"info","ts":1565716431.52088,"logger":"fallback-logger","caller":"git/git.go:102","msg":"Successfully cloned https://github.com/***********/environment-jx-rocks-staging.git @ 2907fbbc8655e83e3335e99336b6634eed93ce4a in path /workspace/source"}
Step: step-git-merge:

{"level":"info","msg":"Using SHAs from PULL_REFS=master:2907fbbc8655e83e3335e99336b6634eed93ce4a","time":"2019-08-13T17:13:52Z"}
{"level":"warning","msg":"no SHAs to merge, falling back to initial cloned commit","time":"2019-08-13T17:13:52Z"}
Step: step-merge-pull-refs:

SKIP merge-pull-refs: Nothing to merge
Step: step-create-effective-pipeline:

{"level":"info","msg":"Deleting and cloning the Jenkins X versions repo","time":"2019-08-13T17:13:52Z"}
{"level":"info","msg":"Cloning the Jenkins X versions repo https://github.com/jenkins-x/jenkins-x-versions.git with ref refs/heads/master to /builder/home/.jx/jenkins-x-versions","time":"2019-08-13T17:13:52Z"}
{"level":"info","msg":"selected pack: /builder/home/.jx/draft/packs/github.com/jenkins-x-buildpacks/jenkins-x-kubernetes/packs/environment","time":"2019-08-13T17:13:53Z"}
{"level":"info","msg":"Effective pipeline written to jenkins-x-promotion-effective.yml","time":"2019-08-13T17:13:54Z"}
Step: step-create-tekton-crds:

{"level":"info","msg":"running command: jx step next-version --use-git-tag-only --tag","time":"2019-08-13T17:13:55Z"}
{"level":"info","msg":"created new version: 0.0.2 and written to file: ./VERSION","time":"2019-08-13T17:13:55Z"}
{"level":"info","msg":"Tag v0.0.2 created and pushed to remote origin","time":"2019-08-13T17:13:58Z"}
{"level":"info","msg":"","time":"2019-08-13T17:13:58Z"}
{"level":"info","msg":"PipelineActivity for ***********-environment-jx-rocks-staging-master-2","time":"2019-08-13T17:13:58Z"}
{"level":"info","msg":"Applying changes ","time":"2019-08-13T17:13:58Z"}
{"level":"info","msg":"upserted PipelineResource ***********-environment-jx-rock for the git repository https://github.com/***********/environment-jx-rocks-staging.git and branch master","time":"2019-08-13T17:13:58Z"}
{"level":"info","msg":"upserted Task ***********-environment-jx-rock-j49fb-from-build-pack-2","time":"2019-08-13T17:13:58Z"}
{"level":"info","msg":"upserted Pipeline ***********-environment-jx-rock-j49fb-2","time":"2019-08-13T17:13:58Z"}
{"level":"info","msg":"created PipelineRun ***********-environment-jx-rock-j49fb-2","time":"2019-08-13T17:13:58Z"}
{"level":"info","msg":"created PipelineStructure ***********-environment-jx-rock-j49fb-2","time":"2019-08-13T17:13:58Z"}
